<?xml version="1.0" encoding="UTF-8"?>
<testsuites>
  <testsuite name="Browser Test Suite" tests="5" assertions="5" errors="0" failures="2" skipped="0" time="37.884512">
    <testsuite name="Tests\Browser\AgregarMenuTest" file="C:\xampp\htdocs\el-ponche\tests\Browser\AgregarMenuTest.php" tests="1" assertions="1" errors="0" failures="0" skipped="0" time="7.830266">
      <testcase name="testExample" class="Tests\Browser\AgregarMenuTest" classname="Tests.Browser.AgregarMenuTest" file="C:\xampp\htdocs\el-ponche\tests\Browser\AgregarMenuTest.php" line="18" assertions="1" time="7.830266"/>
    </testsuite>
    <testsuite name="Tests\Browser\LoginTest" file="C:\xampp\htdocs\el-ponche\tests\Browser\LoginTest.php" tests="1" assertions="1" errors="0" failures="1" skipped="0" time="7.250949">
      <testcase name="testExample" class="Tests\Browser\LoginTest" classname="Tests.Browser.LoginTest" file="C:\xampp\htdocs\el-ponche\tests\Browser\LoginTest.php" line="16" assertions="1" time="7.250949">
        <failure type="PHPUnit\Framework\ExpectationFailedException">Tests\Browser\LoginTest::testExample
Failed asserting that '/el-ponche/public/home' matches PCRE pattern "/^\/home/u".

C:\xampp\htdocs\el-ponche\vendor\laravel\dusk\src\Concerns\MakesAssertions.php:53
C:\xampp\htdocs\el-ponche\tests\Browser\LoginTest.php:33
C:\xampp\htdocs\el-ponche\vendor\laravel\dusk\src\TestCase.php:91
C:\xampp\htdocs\el-ponche\tests\Browser\LoginTest.php:35
</failure>
      </testcase>
    </testsuite>
    <testsuite name="Tests\Browser\ModErrClienteTest" file="C:\xampp\htdocs\el-ponche\tests\Browser\ModErrClienteTest.php" tests="1" assertions="1" errors="0" failures="0" skipped="0" time="7.529168">
      <testcase name="testExample" class="Tests\Browser\ModErrClienteTest" classname="Tests.Browser.ModErrClienteTest" file="C:\xampp\htdocs\el-ponche\tests\Browser\ModErrClienteTest.php" line="17" assertions="1" time="7.529168"/>
    </testsuite>
    <testsuite name="Tests\Browser\RegisterTest" file="C:\xampp\htdocs\el-ponche\tests\Browser\RegisterTest.php" tests="1" assertions="1" errors="0" failures="1" skipped="0" time="7.448016">
      <testcase name="testExample" class="Tests\Browser\RegisterTest" classname="Tests.Browser.RegisterTest" file="C:\xampp\htdocs\el-ponche\tests\Browser\RegisterTest.php" line="17" assertions="1" time="7.448016">
        <failure type="PHPUnit\Framework\ExpectationFailedException">Tests\Browser\RegisterTest::testExample
Failed asserting that '/el-ponche/public/home' matches PCRE pattern "/^\/home/u".

C:\xampp\htdocs\el-ponche\vendor\laravel\dusk\src\Concerns\MakesAssertions.php:53
C:\xampp\htdocs\el-ponche\tests\Browser\RegisterTest.php:37
C:\xampp\htdocs\el-ponche\vendor\laravel\dusk\src\TestCase.php:91
C:\xampp\htdocs\el-ponche\tests\Browser\RegisterTest.php:39
</failure>
      </testcase>
    </testsuite>
    <testsuite name="Tests\Browser\RegistroClienteTest" file="C:\xampp\htdocs\el-ponche\tests\Browser\RegistroClienteTest.php" tests="1" assertions="1" errors="0" failures="0" skipped="0" time="7.826113">
      <testcase name="testExample" class="Tests\Browser\RegistroClienteTest" classname="Tests.Browser.RegistroClienteTest" file="C:\xampp\htdocs\el-ponche\tests\Browser\RegistroClienteTest.php" line="18" assertions="1" time="7.826113"/>
    </testsuite>
  </testsuite>
</testsuites>
